<?xml version="1.0" encoding="UTF-8"?>
<!-- Generated by org.testng.reporters.JUnitReportReporter -->
<testsuite hostname="RKAINS007" failures="0" tests="10" name="Irctc.Irctctest" time="44.126" errors="0" timestamp="23 Jul 2023 17:57:57 GMT" skipped="0">
  <testcase classname="Irctc.Irctctest" name="img75YrLogo" time="0.164"/>
  <testcase classname="Irctc.Irctctest" name="fr" time="0.564"/>
  <testcase classname="Irctc.Irctctest" name="cl1" time="0.448"/>
  <testcase classname="Irctc.Irctctest" name="to" time="0.228"/>
  <testcase classname="Irctc.Irctctest" name="clk2" time="0.284"/>
  <testcase classname="Irctc.Irctctest" name="ckBox" time="0.132"/>
  <testcase classname="Irctc.Irctctest" name="dropD" time="14.320"/>
  <testcase classname="Irctc.Irctctest" name="serh" time="0.374"/>
  <testcase classname="Irctc.Irctctest" name="allCkBoxess" time="6.019"/>
  <testcase classname="Irctc.Irctctest" name="irctcLogos2" time="21.593"/>
</testsuite> <!-- Irctc.Irctctest -->
